Determining if the pthread_create exist failed with the following output:
Change Dir: /home/rosinator/RamsBot/rosws/src/cmake-build-debug/CMakeFiles/CMakeTmp

Run Build Command:"/usr/bin/make" "cmTC_15894/fast"
/usr/bin/make -f CMakeFiles/cmTC_15894.dir/build.make CMakeFiles/cmTC_15894.dir/build
make[1]: Entering directory '/home/rosinator/RamsBot/rosws/src/cmake-build-debug/CMakeFiles/CMakeTmp'
Building C object CMakeFiles/cmTC_15894.dir/CheckSymbolExists.c.o
/usr/bin/cc    -o CMakeFiles/cmTC_15894.dir/CheckSymbolExists.c.o   -c /home/rosinator/RamsBot/rosws/src/cmake-build-debug/CMakeFiles/CMakeTmp/CheckSymbolExists.c
Linking C executable cmTC_15894
/home/rosinator/.local/share/JetBrains/Toolbox/apps/CLion/ch-0/172.4343.16/bin/cmake/bin/cmake -E cmake_link_script CMakeFiles/cmTC_15894.dir/link.txt --verbose=1
/usr/bin/cc      -rdynamic CMakeFiles/cmTC_15894.dir/CheckSymbolExists.c.o  -o cmTC_15894 
CMakeFiles/cmTC_15894.dir/CheckSymbolExists.c.o: In function `main':
CheckSymbolExists.c:(.text+0x16): undefined reference to `pthread_create'
collect2: error: ld returned 1 exit status
CMakeFiles/cmTC_15894.dir/build.make:97: recipe for target 'cmTC_15894' failed
make[1]: *** [cmTC_15894] Error 1
make[1]: Leaving directory '/home/rosinator/RamsBot/rosws/src/cmake-build-debug/CMakeFiles/CMakeTmp'
Makefile:126: recipe for target 'cmTC_15894/fast' failed
make: *** [cmTC_15894/fast] Error 2

File /home/rosinator/RamsBot/rosws/src/cmake-build-debug/CMakeFiles/CMakeTmp/CheckSymbolExists.c:
/* */
#include <pthread.h>

int main(int argc, char** argv)
{
  (void)argv;
#ifndef pthread_create
  return ((int*)(&pthread_create))[argc];
#else
  (void)argc;
  return 0;
#endif
}

Determining if the function pthread_create exists in the pthreads failed with the following output:
Change Dir: /home/rosinator/RamsBot/rosws/src/cmake-build-debug/CMakeFiles/CMakeTmp

Run Build Command:"/usr/bin/make" "cmTC_dc23c/fast"
/usr/bin/make -f CMakeFiles/cmTC_dc23c.dir/build.make CMakeFiles/cmTC_dc23c.dir/build
make[1]: Entering directory '/home/rosinator/RamsBot/rosws/src/cmake-build-debug/CMakeFiles/CMakeTmp'
Building C object CMakeFiles/cmTC_dc23c.dir/CheckFunctionExists.c.o
/usr/bin/cc   -DCHECK_FUNCTION_EXISTS=pthread_create   -o CMakeFiles/cmTC_dc23c.dir/CheckFunctionExists.c.o   -c /home/rosinator/.local/share/JetBrains/Toolbox/apps/CLion/ch-0/172.4343.16/bin/cmake/share/cmake-3.8/Modules/CheckFunctionExists.c
Linking C executable cmTC_dc23c
/home/rosinator/.local/share/JetBrains/Toolbox/apps/CLion/ch-0/172.4343.16/bin/cmake/bin/cmake -E cmake_link_script CMakeFiles/cmTC_dc23c.dir/link.txt --verbose=1
/usr/bin/cc  -DCHECK_FUNCTION_EXISTS=pthread_create    -rdynamic CMakeFiles/cmTC_dc23c.dir/CheckFunctionExists.c.o  -o cmTC_dc23c -lpthreads 
/usr/bin/ld: cannot find -lpthreads
collect2: error: ld returned 1 exit status
CMakeFiles/cmTC_dc23c.dir/build.make:97: recipe for target 'cmTC_dc23c' failed
make[1]: *** [cmTC_dc23c] Error 1
make[1]: Leaving directory '/home/rosinator/RamsBot/rosws/src/cmake-build-debug/CMakeFiles/CMakeTmp'
Makefile:126: recipe for target 'cmTC_dc23c/fast' failed
make: *** [cmTC_dc23c/fast] Error 2


